# JRE version: OpenJDK Runtime Environment (8.0_242) (build 1.8.0_242-release-1644-b3-6222593)
# Java VM: OpenJDK 64-Bit Server VM (25.242-b3-6222593 mixed mode linux-amd64 compressed oops)
Heap:
 PSYoungGen      total 465920K, used 0K [0x00000000d5580000, 0x0000000100000000, 0x0000000100000000)
  eden space 232960K, 0% used [0x00000000d5580000,0x00000000d5580000,0x00000000e3900000)
  from space 232960K, 0% used [0x00000000f1c80000,0x00000000f1c80000,0x0000000100000000)
  to   space 232960K, 0% used [0x00000000e3900000,0x00000000e3900000,0x00000000f1c80000)
 ParOldGen       total 933888K, used 835556K [0x0000000080000000, 0x00000000b9000000, 0x00000000d5580000)
  object space 933888K, 89% used [0x0000000080000000,0x00000000b2ff9010,0x00000000b9000000)
 Metaspace       used 131585K, capacity 138632K, committed 139672K, reserved 1171456K
  class space    used 16227K, capacity 17601K, committed 17840K, reserved 1048576K
GC Heap History (10 events):
Event: 1602.917 GC heap after
Heap after GC invocations=214 (full 14):
 PSYoungGen      total 436224K, used 203243K [0x00000000d5580000, 0x0000000100000000, 0x0000000100000000)
  eden space 232960K, 0% used [0x00000000d5580000,0x00000000d5580000,0x00000000e3900000)
  from space 203264K, 99% used [0x00000000f3980000,0x00000000ffffae48,0x0000000100000000)
  to   space 232960K, 0% used [0x00000000e3900000,0x00000000e3900000,0x00000000f1c80000)
 ParOldGen       total 933888K, used 667155K [0x0000000080000000, 0x00000000b9000000, 0x00000000d5580000)
  object space 933888K, 71% used [0x0000000080000000,0x00000000a8b84ea8,0x00000000b9000000)
 Metaspace       used 131864K, capacity 139258K, committed 139416K, reserved 1171456K
  class space    used 16304K, capacity 17763K, committed 17840K, reserved 1048576K
}
Event: 1604.091 GC heap before
{Heap before GC invocations=215 (full 14):
 PSYoungGen      total 436224K, used 436203K [0x00000000d5580000, 0x0000000100000000, 0x0000000100000000)
  eden space 232960K, 100% used [0x00000000d5580000,0x00000000e3900000,0x00000000e3900000)
  from space 203264K, 99% used [0x00000000f3980000,0x00000000ffffae48,0x0000000100000000)
  to   space 232960K, 0% used [0x00000000e3900000,0x00000000e3900000,0x00000000f1c80000)
 ParOldGen       total 933888K, used 667155K [0x0000000080000000, 0x00000000b9000000, 0x00000000d5580000)
  object space 933888K, 71% used [0x0000000080000000,0x00000000a8b84ea8,0x00000000b9000000)
 Metaspace       used 131870K, capacity 139258K, committed 139416K, reserved 1171456K
  class space    used 16304K, capacity 17763K, committed 17840K, reserved 1048576K
Event: 1604.374 GC heap after
Heap after GC invocations=215 (full 14):
 PSYoungGen      total 465920K, used 232949K [0x00000000d5580000, 0x0000000100000000, 0x0000000100000000)
  eden space 232960K, 0% used [0x00000000d5580000,0x00000000d5580000,0x00000000e3900000)
  from space 232960K, 99% used [0x00000000e3900000,0x00000000f1c7d608,0x00000000f1c80000)
  to   space 232960K, 0% used [0x00000000f1c80000,0x00000000f1c80000,0x0000000100000000)
 ParOldGen       total 933888K, used 669327K [0x0000000080000000, 0x00000000b9000000, 0x00000000d5580000)
  object space 933888K, 71% used [0x0000000080000000,0x00000000a8da3c20,0x00000000b9000000)
 Metaspace       used 131870K, capacity 139258K, committed 139416K, reserved 1171456K
  class space    used 16304K, capacity 17763K, committed 17840K, reserved 1048576K
}
Event: 1606.236 GC heap before
{Heap before GC invocations=216 (full 14):
 PSYoungGen      total 465920K, used 465685K [0x00000000d5580000, 0x0000000100000000, 0x0000000100000000)
  eden space 232960K, 99% used [0x00000000d5580000,0x00000000e38c7ff0,0x00000000e3900000)
  from space 232960K, 99% used [0x00000000e3900000,0x00000000f1c7d608,0x00000000f1c80000)
  to   space 232960K, 0% used [0x00000000f1c80000,0x00000000f1c80000,0x0000000100000000)
 ParOldGen       total 933888K, used 669327K [0x0000000080000000, 0x00000000b9000000, 0x00000000d5580000)
  object space 933888K, 71% used [0x0000000080000000,0x00000000a8da3c20,0x00000000b9000000)
 Metaspace       used 131873K, capacity 139258K, committed 139416K, reserved 1171456K
  class space    used 16304K, capacity 17763K, committed 17840K, reserved 1048576K
Event: 1608.209 GC heap after
Heap after GC invocations=216 (full 14):
 PSYoungGen      total 465920K, used 232945K [0x00000000d5580000, 0x0000000100000000, 0x0000000100000000)
  eden space 232960K, 0% used [0x00000000d5580000,0x00000000d5580000,0x00000000e3900000)
  from space 232960K, 99% used [0x00000000f1c80000,0x00000000ffffc6f0,0x0000000100000000)
  to   space 232960K, 0% used [0x00000000e3900000,0x00000000e3900000,0x00000000f1c80000)
 ParOldGen       total 933888K, used 695937K [0x0000000080000000, 0x00000000b9000000, 0x00000000d5580000)
  object space 933888K, 74% used [0x0000000080000000,0x00000000aa7a06d8,0x00000000b9000000)
 Metaspace       used 131873K, capacity 139258K, committed 139416K, reserved 1171456K
  class space    used 16304K, capacity 17763K, committed 17840K, reserved 1048576K
}
Event: 1610.328 GC heap before
{Heap before GC invocations=217 (full 14):
 PSYoungGen      total 465920K, used 465905K [0x00000000d5580000, 0x0000000100000000, 0x0000000100000000)
  eden space 232960K, 100% used [0x00000000d5580000,0x00000000e3900000,0x00000000e3900000)
  from space 232960K, 99% used [0x00000000f1c80000,0x00000000ffffc6f0,0x0000000100000000)
  to   space 232960K, 0% used [0x00000000e3900000,0x00000000e3900000,0x00000000f1c80000)
 ParOldGen       total 933888K, used 695937K [0x0000000080000000, 0x00000000b9000000, 0x00000000d5580000)
  object space 933888K, 74% used [0x0000000080000000,0x00000000aa7a06d8,0x00000000b9000000)
 Metaspace       used 131959K, capacity 139356K, committed 139672K, reserved 1171456K
  class space    used 16309K, capacity 17770K, committed 17840K, reserved 1048576K
Event: 1611.324 GC heap after
Heap after GC invocations=217 (full 14):
 PSYoungGen      total 465920K, used 222787K [0x00000000d5580000, 0x0000000100000000, 0x0000000100000000)
  eden space 232960K, 0% used [0x00000000d5580000,0x00000000d5580000,0x00000000e3900000)
  from space 232960K, 95% used [0x00000000e3900000,0x00000000f1290cc8,0x00000000f1c80000)
  to   space 232960K, 0% used [0x00000000f1c80000,0x00000000f1c80000,0x0000000100000000)
 ParOldGen       total 933888K, used 763979K [0x0000000080000000, 0x00000000b9000000, 0x00000000d5580000)
  object space 933888K, 81% used [0x0000000080000000,0x00000000aea12d30,0x00000000b9000000)
 Metaspace       used 131959K, capacity 139356K, committed 139672K, reserved 1171456K
  class space    used 16309K, capacity 17770K, committed 17840K, reserved 1048576K
}
Event: 1611.931 GC heap before
{Heap before GC invocations=218 (full 14):
 PSYoungGen      total 465920K, used 455747K [0x00000000d5580000, 0x0000000100000000, 0x0000000100000000)
  eden space 232960K, 100% used [0x00000000d5580000,0x00000000e3900000,0x00000000e3900000)
  from space 232960K, 95% used [0x00000000e3900000,0x00000000f1290cc8,0x00000000f1c80000)
  to   space 232960K, 0% used [0x00000000f1c80000,0x00000000f1c80000,0x0000000100000000)
 ParOldGen       total 933888K, used 763979K [0x0000000080000000, 0x00000000b9000000, 0x00000000d5580000)
  object space 933888K, 81% used [0x0000000080000000,0x00000000aea12d30,0x00000000b9000000)
 Metaspace       used 131963K, capacity 139356K, committed 139672K, reserved 1171456K
  class space    used 16309K, capacity 17770K, committed 17840K, reserved 1048576K
Event: 1625.852 GC heap after
Heap after GC invocations=218 (full 14):
 PSYoungGen      total 465920K, used 97631K [0x00000000d5580000, 0x0000000100000000, 0x0000000100000000)
  eden space 232960K, 0% used [0x00000000d5580000,0x00000000d5580000,0x00000000e3900000)
  from space 232960K, 41% used [0x00000000f1c80000,0x00000000f7bd7d10,0x0000000100000000)
  to   space 232960K, 0% used [0x00000000e3900000,0x00000000e3900000,0x00000000f1c80000)
 ParOldGen       total 933888K, used 910261K [0x0000000080000000, 0x00000000b9000000, 0x00000000d5580000)
  object space 933888K, 97% used [0x0000000080000000,0x00000000b78ed568,0x00000000b9000000)
 Metaspace       used 131963K, capacity 139356K, committed 139672K, reserved 1171456K
  class space    used 16309K, capacity 17770K, committed 17840K, reserved 1048576K
}
Event: 1625.852 GC heap before
{Heap before GC invocations=219 (full 15):
 PSYoungGen      total 465920K, used 97631K [0x00000000d5580000, 0x0000000100000000, 0x0000000100000000)
  eden space 232960K, 0% used [0x00000000d5580000,0x00000000d5580000,0x00000000e3900000)
  from space 232960K, 41% used [0x00000000f1c80000,0x00000000f7bd7d10,0x0000000100000000)
  to   space 232960K, 0% used [0x00000000e3900000,0x00000000e3900000,0x00000000f1c80000)
 ParOldGen       total 933888K, used 910261K [0x0000000080000000, 0x00000000b9000000, 0x00000000d5580000)
  object space 933888K, 97% used [0x0000000080000000,0x00000000b78ed568,0x00000000b9000000)
 Metaspace       used 131963K, capacity 139356K, committed 139672K, reserved 1171456K
  class space    used 16309K, capacity 17770K, committed 17840K, reserved 1048576K

